#! /usr/share/iverilog-0.10.0/bin/vvp
:ivl_version "0.10.0 (devel)" "(v0_9_6)";
:ivl_delay_selection "TYPICAL";
:vpi_time_precision - 12;
:vpi_module "system";
:vpi_module "vhdl_sys";
:vpi_module "v2005_math";
:vpi_module "va_math";
:vpi_module "v2009";
S_0xa1cae0 .scope module, "dassign1_tb" "dassign1_tb" 2 12;
 .timescale -9 -12;
v0xa785a0_0 .net "Ch", 31 0, L_0xa7ad00;  1 drivers
v0xa786b0_0 .net "Maj", 31 0, L_0xa7b1f0;  1 drivers
v0xa787c0_0 .net "S0", 31 0, L_0xa7bc00;  1 drivers
v0xa788b0_0 .net "S1", 31 0, L_0xa7c6b0;  1 drivers
v0xa789c0_0 .var "a", 0 0;
v0xa78ab0_0 .net "aa", 4 0, v0xa78360_0;  1 drivers
v0xa78b50_0 .var "b", 0 0;
v0xa78c40_0 .var "c", 0 0;
v0xa78d30_0 .var "codon", 5 0;
v0xa78e60_0 .var "d", 0 0;
v0xa78f00_0 .var "e", 0 0;
v0xa78fa0 .array "hashi", 15 0, 255 0;
v0xa79040_0 .var "hashiA", 31 0;
v0xa790e0_0 .var "hashiB", 31 0;
v0xa791f0_0 .var "hashiC", 31 0;
v0xa79300_0 .var "hashiD", 31 0;
v0xa793c0_0 .var "hashiE", 31 0;
v0xa79570_0 .var "hashiF", 31 0;
v0xa79610_0 .var "hashiG", 31 0;
v0xa79700_0 .var "hashiH", 31 0;
v0xa797e0_0 .var/i "i", 31 0;
v0xa798c0_0 .net "nando", 3 0, L_0xa7a4c0;  1 drivers
v0xa79980_0 .var/i "outfile", 31 0;
v0xa79a40_0 .net "y1", 0 0, L_0xa7a840;  1 drivers
S_0xa1bec0 .scope module, "dassign1_1" "dassign1_1" 2 20, 3 14 0, S_0xa1cae0;
 .timescale 0 0;
    .port_info 0 /OUTPUT 1 "y"
    .port_info 1 /OUTPUT 4 ""
    .port_info 2 /INPUT 1 "a"
    .port_info 3 /INPUT 1 "b"
    .port_info 4 /INPUT 1 "c"
    .port_info 5 /INPUT 1 "d"
    .port_info 6 /INPUT 1 "e"
L_0xa79c80 .functor NOT 1, v0xa789c0_0, C4<0>, C4<0>, C4<0>;
L_0xa79f00 .functor NOT 1, v0xa78e60_0, C4<0>, C4<0>, C4<0>;
v0xa73a40_0 .net "a", 0 0, v0xa789c0_0;  1 drivers
v0xa73b00_0 .net "b", 0 0, v0xa78b50_0;  1 drivers
v0xa73bf0_0 .net "c", 0 0, v0xa78c40_0;  1 drivers
v0xa73cf0_0 .net "d", 0 0, v0xa78e60_0;  1 drivers
v0xa73d90_0 .net "e", 0 0, v0xa78f00_0;  1 drivers
v0xa73e80_0 .net "nando", 3 0, L_0xa7a4c0;  alias, 1 drivers
v0xa73f20_0 .net "y", 0 0, L_0xa7a840;  alias, 1 drivers
L_0xa7a160 .part L_0xa7a4c0, 0, 1;
L_0xa7a2a0 .part L_0xa7a4c0, 1, 1;
L_0xa7a4c0 .concat8 [ 1 1 1 1], L_0xa79bc0, L_0xa79e40, L_0xa7a0a0, L_0xa7a400;
L_0xa7a6e0 .part L_0xa7a4c0, 2, 1;
L_0xa7a900 .part L_0xa7a4c0, 3, 1;
L_0xa7a9f0 .part L_0xa7a4c0, 3, 1;
S_0xa1bba0 .scope module, "nand2_1" "nand2" 3 32, 3 6 0, S_0xa1bec0;
 .timescale 0 0;
    .port_info 0 /OUTPUT 1 "y"
    .port_info 1 /INPUT 1 "a"
    .port_info 2 /INPUT 1 "b"
L_0xa79b30 .functor AND 1, L_0xa79c80, v0xa78b50_0, C4<1>, C4<1>;
L_0xa79bc0 .functor NOT 1, L_0xa79b30, C4<0>, C4<0>, C4<0>;
v0xa4c730_0 .net "a", 0 0, L_0xa79c80;  1 drivers
v0xa72000_0 .net "b", 0 0, v0xa78b50_0;  alias, 1 drivers
v0xa720c0_0 .net "d", 0 0, L_0xa79b30;  1 drivers
v0xa72190_0 .net "y", 0 0, L_0xa79bc0;  1 drivers
S_0xa722d0 .scope module, "nand2_2" "nand2" 3 33, 3 6 0, S_0xa1bec0;
 .timescale 0 0;
    .port_info 0 /OUTPUT 1 "y"
    .port_info 1 /INPUT 1 "a"
    .port_info 2 /INPUT 1 "b"
L_0xa79db0 .functor AND 1, v0xa78c40_0, L_0xa79f00, C4<1>, C4<1>;
L_0xa79e40 .functor NOT 1, L_0xa79db0, C4<0>, C4<0>, C4<0>;
v0xa724f0_0 .net "a", 0 0, v0xa78c40_0;  alias, 1 drivers
v0xa725d0_0 .net "b", 0 0, L_0xa79f00;  1 drivers
v0xa72690_0 .net "d", 0 0, L_0xa79db0;  1 drivers
v0xa72760_0 .net "y", 0 0, L_0xa79e40;  1 drivers
S_0xa728a0 .scope module, "nand2_3" "nand2" 3 34, 3 6 0, S_0xa1bec0;
 .timescale 0 0;
    .port_info 0 /OUTPUT 1 "y"
    .port_info 1 /INPUT 1 "a"
    .port_info 2 /INPUT 1 "b"
L_0xa7a010 .functor AND 1, L_0xa7a160, L_0xa7a2a0, C4<1>, C4<1>;
L_0xa7a0a0 .functor NOT 1, L_0xa7a010, C4<0>, C4<0>, C4<0>;
v0xa72af0_0 .net "a", 0 0, L_0xa7a160;  1 drivers
v0xa72bb0_0 .net "b", 0 0, L_0xa7a2a0;  1 drivers
v0xa72c70_0 .net "d", 0 0, L_0xa7a010;  1 drivers
v0xa72d40_0 .net "y", 0 0, L_0xa7a0a0;  1 drivers
S_0xa72e80 .scope module, "nand2_4" "nand2" 3 35, 3 6 0, S_0xa1bec0;
 .timescale 0 0;
    .port_info 0 /OUTPUT 1 "y"
    .port_info 1 /INPUT 1 "a"
    .port_info 2 /INPUT 1 "b"
L_0xa7a390 .functor AND 1, L_0xa7a6e0, v0xa78f00_0, C4<1>, C4<1>;
L_0xa7a400 .functor NOT 1, L_0xa7a390, C4<0>, C4<0>, C4<0>;
v0xa730a0_0 .net "a", 0 0, L_0xa7a6e0;  1 drivers
v0xa73180_0 .net "b", 0 0, v0xa78f00_0;  alias, 1 drivers
v0xa73240_0 .net "d", 0 0, L_0xa7a390;  1 drivers
v0xa73310_0 .net "y", 0 0, L_0xa7a400;  1 drivers
S_0xa73450 .scope module, "nand2_5" "nand2" 3 36, 3 6 0, S_0xa1bec0;
 .timescale 0 0;
    .port_info 0 /OUTPUT 1 "y"
    .port_info 1 /INPUT 1 "a"
    .port_info 2 /INPUT 1 "b"
L_0xa7a7d0 .functor AND 1, L_0xa7a900, L_0xa7a9f0, C4<1>, C4<1>;
L_0xa7a840 .functor NOT 1, L_0xa7a7d0, C4<0>, C4<0>, C4<0>;
v0xa736c0_0 .net "a", 0 0, L_0xa7a900;  1 drivers
v0xa737a0_0 .net "b", 0 0, L_0xa7a9f0;  1 drivers
v0xa73860_0 .net "d", 0 0, L_0xa7a7d0;  1 drivers
v0xa73900_0 .net "y", 0 0, L_0xa7a840;  alias, 1 drivers
S_0xa740b0 .scope module, "dassign1_2" "dassign1_2" 2 21, 3 82 0, S_0xa1cae0;
 .timescale 0 0;
    .port_info 0 /OUTPUT 32 "Ch"
    .port_info 1 /OUTPUT 32 "Maj"
    .port_info 2 /OUTPUT 32 "S0"
    .port_info 3 /OUTPUT 32 "S1"
    .port_info 4 /INPUT 32 "hashiA"
    .port_info 5 /INPUT 32 "hashiB"
    .port_info 6 /INPUT 32 "hashiC"
    .port_info 7 /INPUT 32 "hashiD"
    .port_info 8 /INPUT 32 "hashiE"
    .port_info 9 /INPUT 32 "hashiF"
    .port_info 10 /INPUT 32 "hashiG"
v0xa77300_0 .net "Ch", 31 0, L_0xa7ad00;  alias, 1 drivers
v0xa773c0_0 .net "Maj", 31 0, L_0xa7b1f0;  alias, 1 drivers
v0xa77490_0 .net "S0", 31 0, L_0xa7bc00;  alias, 1 drivers
v0xa77590_0 .net "S1", 31 0, L_0xa7c6b0;  alias, 1 drivers
v0xa77660_0 .net "hashiA", 31 0, v0xa79040_0;  1 drivers
v0xa77750_0 .net "hashiB", 31 0, v0xa790e0_0;  1 drivers
v0xa777f0_0 .net "hashiC", 31 0, v0xa791f0_0;  1 drivers
v0xa77890_0 .net "hashiD", 31 0, v0xa79300_0;  1 drivers
v0xa77950_0 .net "hashiE", 31 0, v0xa793c0_0;  1 drivers
v0xa77aa0_0 .net "hashiF", 31 0, v0xa79570_0;  1 drivers
v0xa77b60_0 .net "hashiG", 31 0, v0xa79610_0;  1 drivers
S_0xa74410 .scope module, "Ch1" "Chm16" 3 89, 3 39 0, S_0xa740b0;
 .timescale 0 0;
    .port_info 0 /OUTPUT 32 "Ch"
    .port_info 1 /INPUT 32 "E"
    .port_info 2 /INPUT 32 "F"
    .port_info 3 /INPUT 32 "G"
L_0xa7ab20 .functor NOT 32, v0xa793c0_0, C4<00000000000000000000000000000000>, C4<00000000000000000000000000000000>, C4<00000000000000000000000000000000>;
L_0xa7ac20 .functor AND 32, v0xa793c0_0, v0xa79570_0, C4<11111111111111111111111111111111>, C4<11111111111111111111111111111111>;
L_0xa7ac90 .functor AND 32, L_0xa7ab20, v0xa79610_0, C4<11111111111111111111111111111111>, C4<11111111111111111111111111111111>;
L_0xa7ad00 .functor XOR 32, L_0xa7ac20, L_0xa7ac90, C4<00000000000000000000000000000000>, C4<00000000000000000000000000000000>;
v0xa74680_0 .net "Ch", 31 0, L_0xa7ad00;  alias, 1 drivers
v0xa74780_0 .net "E", 31 0, v0xa793c0_0;  alias, 1 drivers
v0xa74860_0 .net "F", 31 0, v0xa79570_0;  alias, 1 drivers
v0xa74950_0 .net "G", 31 0, v0xa79610_0;  alias, 1 drivers
v0xa74a30_0 .net "T", 31 0, L_0xa7ab20;  1 drivers
v0xa74b60_0 .net *"_s2", 31 0, L_0xa7ac20;  1 drivers
v0xa74c40_0 .net *"_s4", 31 0, L_0xa7ac90;  1 drivers
S_0xa74da0 .scope module, "MA1" "MAm16" 3 90, 3 54 0, S_0xa740b0;
 .timescale 0 0;
    .port_info 0 /OUTPUT 32 "Maj"
    .port_info 1 /INPUT 32 "A"
    .port_info 2 /INPUT 32 "B"
    .port_info 3 /INPUT 32 "C"
L_0xa7ae10 .functor AND 32, v0xa79040_0, v0xa790e0_0, C4<11111111111111111111111111111111>, C4<11111111111111111111111111111111>;
L_0xa7af10 .functor AND 32, v0xa79040_0, v0xa791f0_0, C4<11111111111111111111111111111111>, C4<11111111111111111111111111111111>;
L_0xa7afa0 .functor XOR 32, L_0xa7ae10, L_0xa7af10, C4<00000000000000000000000000000000>, C4<00000000000000000000000000000000>;
L_0xa7b060 .functor AND 32, v0xa790e0_0, v0xa791f0_0, C4<11111111111111111111111111111111>, C4<11111111111111111111111111111111>;
L_0xa7b1f0 .functor XOR 32, L_0xa7afa0, L_0xa7b060, C4<00000000000000000000000000000000>, C4<00000000000000000000000000000000>;
v0xa75000_0 .net "A", 31 0, v0xa79040_0;  alias, 1 drivers
v0xa750e0_0 .net "B", 31 0, v0xa790e0_0;  alias, 1 drivers
v0xa751c0_0 .net "C", 31 0, v0xa791f0_0;  alias, 1 drivers
v0xa752b0_0 .net "Maj", 31 0, L_0xa7b1f0;  alias, 1 drivers
v0xa75390_0 .net *"_s0", 31 0, L_0xa7ae10;  1 drivers
v0xa754c0_0 .net *"_s2", 31 0, L_0xa7af10;  1 drivers
v0xa755a0_0 .net *"_s4", 31 0, L_0xa7afa0;  1 drivers
v0xa75680_0 .net *"_s6", 31 0, L_0xa7b060;  1 drivers
S_0xa757e0 .scope module, "S01" "S0m16" 3 91, 3 64 0, S_0xa740b0;
 .timescale 0 0;
    .port_info 0 /OUTPUT 32 "S0"
    .port_info 1 /INPUT 32 "A"
L_0xa7b820 .functor XOR 32, L_0xa7b3a0, L_0xa7b730, C4<00000000000000000000000000000000>, C4<00000000000000000000000000000000>;
L_0xa7bc00 .functor XOR 32, L_0xa7b820, L_0xa7bac0, C4<00000000000000000000000000000000>, C4<00000000000000000000000000000000>;
v0xa759b0_0 .net "A", 31 0, v0xa79040_0;  alias, 1 drivers
v0xa75ac0_0 .net "S0", 31 0, L_0xa7bc00;  alias, 1 drivers
v0xa75b80_0 .net *"_s1", 1 0, L_0xa7b260;  1 drivers
v0xa75c70_0 .net *"_s10", 31 0, L_0xa7b730;  1 drivers
v0xa75d50_0 .net *"_s12", 31 0, L_0xa7b820;  1 drivers
v0xa75e80_0 .net *"_s15", 21 0, L_0xa7b930;  1 drivers
v0xa75f60_0 .net *"_s17", 9 0, L_0xa7b9d0;  1 drivers
v0xa76040_0 .net *"_s18", 31 0, L_0xa7bac0;  1 drivers
v0xa76120_0 .net *"_s3", 29 0, L_0xa7b300;  1 drivers
v0xa76290_0 .net *"_s4", 31 0, L_0xa7b3a0;  1 drivers
v0xa76370_0 .net *"_s7", 12 0, L_0xa7b4e0;  1 drivers
v0xa76450_0 .net *"_s9", 18 0, L_0xa7b690;  1 drivers
L_0xa7b260 .part v0xa79040_0, 0, 2;
L_0xa7b300 .part v0xa79040_0, 2, 30;
L_0xa7b3a0 .concat [ 30 2 0 0], L_0xa7b300, L_0xa7b260;
L_0xa7b4e0 .part v0xa79040_0, 0, 13;
L_0xa7b690 .part v0xa79040_0, 13, 19;
L_0xa7b730 .concat [ 19 13 0 0], L_0xa7b690, L_0xa7b4e0;
L_0xa7b930 .part v0xa79040_0, 0, 22;
L_0xa7b9d0 .part v0xa79040_0, 22, 10;
L_0xa7bac0 .concat [ 10 22 0 0], L_0xa7b9d0, L_0xa7b930;
S_0xa76590 .scope module, "S11" "S1m16" 3 92, 3 73 0, S_0xa740b0;
 .timescale 0 0;
    .port_info 0 /OUTPUT 32 "S1"
    .port_info 1 /INPUT 32 "E"
L_0xa7c2d0 .functor XOR 32, L_0xa7be50, L_0xa7c1e0, C4<00000000000000000000000000000000>, C4<00000000000000000000000000000000>;
L_0xa7c6b0 .functor XOR 32, L_0xa7c2d0, L_0xa7c570, C4<00000000000000000000000000000000>, C4<00000000000000000000000000000000>;
v0xa76750_0 .net "E", 31 0, v0xa793c0_0;  alias, 1 drivers
v0xa76830_0 .net "S1", 31 0, L_0xa7c6b0;  alias, 1 drivers
v0xa768f0_0 .net *"_s1", 5 0, L_0xa7bd10;  1 drivers
v0xa769e0_0 .net *"_s10", 31 0, L_0xa7c1e0;  1 drivers
v0xa76ac0_0 .net *"_s12", 31 0, L_0xa7c2d0;  1 drivers
v0xa76bf0_0 .net *"_s15", 24 0, L_0xa7c3e0;  1 drivers
v0xa76cd0_0 .net *"_s17", 6 0, L_0xa7c480;  1 drivers
v0xa76db0_0 .net *"_s18", 31 0, L_0xa7c570;  1 drivers
v0xa76e90_0 .net *"_s3", 25 0, L_0xa7bdb0;  1 drivers
v0xa77000_0 .net *"_s4", 31 0, L_0xa7be50;  1 drivers
v0xa770e0_0 .net *"_s7", 10 0, L_0xa7bf90;  1 drivers
v0xa771c0_0 .net *"_s9", 20 0, L_0xa7c140;  1 drivers
L_0xa7bd10 .part v0xa793c0_0, 0, 6;
L_0xa7bdb0 .part v0xa793c0_0, 6, 26;
L_0xa7be50 .concat [ 26 6 0 0], L_0xa7bdb0, L_0xa7bd10;
L_0xa7bf90 .part v0xa793c0_0, 0, 11;
L_0xa7c140 .part v0xa793c0_0, 11, 21;
L_0xa7c1e0 .concat [ 21 11 0 0], L_0xa7c140, L_0xa7bf90;
L_0xa7c3e0 .part v0xa793c0_0, 0, 25;
L_0xa7c480 .part v0xa793c0_0, 25, 7;
L_0xa7c570 .concat [ 7 25 0 0], L_0xa7c480, L_0xa7c3e0;
S_0xa77dd0 .scope module, "dassign1_3" "dassign1_3" 2 23, 3 96 0, S_0xa1cae0;
 .timescale 0 0;
    .port_info 0 /OUTPUT 5 "aa"
    .port_info 1 /INPUT 6 "codon"
P_0xa77fd0 .param/l "NA" 1 3 102, C4<10>;
P_0xa78010 .param/l "NC" 1 3 101, C4<01>;
P_0xa78050 .param/l "NG" 1 3 103, C4<11>;
P_0xa78090 .param/l "NU" 1 3 100, C4<00>;
v0xa78360_0 .var "aa", 4 0;
v0xa78460_0 .net "codon", 5 0, v0xa78d30_0;  1 drivers
E_0xa782e0 .event edge, v0xa78460_0;
    .scope S_0xa77dd0;
T_0 ;
    %wait E_0xa782e0;
    %load/v 8, v0xa78460_0, 6;
    %cmpi/u 8, 0, 6;
    %jmp/1 T_0.0, 6;
    %cmpi/u 8, 1, 6;
    %jmp/1 T_0.1, 6;
    %cmpi/u 8, 2, 6;
    %jmp/1 T_0.2, 6;
    %cmpi/u 8, 3, 6;
    %jmp/1 T_0.3, 6;
    %cmpi/u 8, 4, 6;
    %jmp/1 T_0.4, 6;
    %cmpi/u 8, 5, 6;
    %jmp/1 T_0.5, 6;
    %cmpi/u 8, 6, 6;
    %jmp/1 T_0.6, 6;
    %cmpi/u 8, 7, 6;
    %jmp/1 T_0.7, 6;
    %cmpi/u 8, 8, 6;
    %jmp/1 T_0.8, 6;
    %cmpi/u 8, 9, 6;
    %jmp/1 T_0.9, 6;
    %cmpi/u 8, 11, 6;
    %jmp/1 T_0.10, 6;
    %cmpi/u 8, 10, 6;
    %jmp/1 T_0.11, 6;
    %cmpi/u 8, 12, 6;
    %jmp/1 T_0.12, 6;
    %cmpi/u 8, 13, 6;
    %jmp/1 T_0.13, 6;
    %cmpi/u 8, 14, 6;
    %jmp/1 T_0.14, 6;
    %cmpi/u 8, 15, 6;
    %jmp/1 T_0.15, 6;
    %cmpi/u 8, 16, 6;
    %jmp/1 T_0.16, 6;
    %cmpi/u 8, 17, 6;
    %jmp/1 T_0.17, 6;
    %cmpi/u 8, 18, 6;
    %jmp/1 T_0.18, 6;
    %cmpi/u 8, 19, 6;
    %jmp/1 T_0.19, 6;
    %cmpi/u 8, 20, 6;
    %jmp/1 T_0.20, 6;
    %cmpi/u 8, 21, 6;
    %jmp/1 T_0.21, 6;
    %cmpi/u 8, 22, 6;
    %jmp/1 T_0.22, 6;
    %cmpi/u 8, 23, 6;
    %jmp/1 T_0.23, 6;
    %cmpi/u 8, 24, 6;
    %jmp/1 T_0.24, 6;
    %cmpi/u 8, 25, 6;
    %jmp/1 T_0.25, 6;
    %cmpi/u 8, 27, 6;
    %jmp/1 T_0.26, 6;
    %cmpi/u 8, 26, 6;
    %jmp/1 T_0.27, 6;
    %cmpi/u 8, 28, 6;
    %jmp/1 T_0.28, 6;
    %cmpi/u 8, 29, 6;
    %jmp/1 T_0.29, 6;
    %cmpi/u 8, 31, 6;
    %jmp/1 T_0.30, 6;
    %cmpi/u 8, 30, 6;
    %jmp/1 T_0.31, 6;
    %cmpi/u 8, 32, 6;
    %jmp/1 T_0.32, 6;
    %cmpi/u 8, 33, 6;
    %jmp/1 T_0.33, 6;
    %cmpi/u 8, 34, 6;
    %jmp/1 T_0.34, 6;
    %cmpi/u 8, 35, 6;
    %jmp/1 T_0.35, 6;
    %cmpi/u 8, 36, 6;
    %jmp/1 T_0.36, 6;
    %cmpi/u 8, 37, 6;
    %jmp/1 T_0.37, 6;
    %cmpi/u 8, 39, 6;
    %jmp/1 T_0.38, 6;
    %cmpi/u 8, 38, 6;
    %jmp/1 T_0.39, 6;
    %cmpi/u 8, 40, 6;
    %jmp/1 T_0.40, 6;
    %cmpi/u 8, 41, 6;
    %jmp/1 T_0.41, 6;
    %cmpi/u 8, 43, 6;
    %jmp/1 T_0.42, 6;
    %cmpi/u 8, 42, 6;
    %jmp/1 T_0.43, 6;
    %cmpi/u 8, 44, 6;
    %jmp/1 T_0.44, 6;
    %cmpi/u 8, 45, 6;
    %jmp/1 T_0.45, 6;
    %cmpi/u 8, 47, 6;
    %jmp/1 T_0.46, 6;
    %cmpi/u 8, 46, 6;
    %jmp/1 T_0.47, 6;
    %cmpi/u 8, 48, 6;
    %jmp/1 T_0.48, 6;
    %cmpi/u 8, 49, 6;
    %jmp/1 T_0.49, 6;
    %cmpi/u 8, 51, 6;
    %jmp/1 T_0.50, 6;
    %cmpi/u 8, 50, 6;
    %jmp/1 T_0.51, 6;
    %cmpi/u 8, 52, 6;
    %jmp/1 T_0.52, 6;
    %cmpi/u 8, 53, 6;
    %jmp/1 T_0.53, 6;
    %cmpi/u 8, 55, 6;
    %jmp/1 T_0.54, 6;
    %cmpi/u 8, 54, 6;
    %jmp/1 T_0.55, 6;
    %cmpi/u 8, 56, 6;
    %jmp/1 T_0.56, 6;
    %cmpi/u 8, 57, 6;
    %jmp/1 T_0.57, 6;
    %cmpi/u 8, 59, 6;
    %jmp/1 T_0.58, 6;
    %cmpi/u 8, 58, 6;
    %jmp/1 T_0.59, 6;
    %cmpi/u 8, 60, 6;
    %jmp/1 T_0.60, 6;
    %cmpi/u 8, 61, 6;
    %jmp/1 T_0.61, 6;
    %cmpi/u 8, 63, 6;
    %jmp/1 T_0.62, 6;
    %cmpi/u 8, 62, 6;
    %jmp/1 T_0.63, 6;
    %jmp T_0.64;
T_0.0 ;
    %set/v v0xa78360_0, 0, 5;
    %jmp T_0.64;
T_0.1 ;
    %set/v v0xa78360_0, 0, 5;
    %jmp T_0.64;
T_0.2 ;
    %movi 8, 1, 5;
    %set/v v0xa78360_0, 8, 5;
    %jmp T_0.64;
T_0.3 ;
    %movi 8, 1, 5;
    %set/v v0xa78360_0, 8, 5;
    %jmp T_0.64;
T_0.4 ;
    %movi 8, 2, 5;
    %set/v v0xa78360_0, 8, 5;
    %jmp T_0.64;
T_0.5 ;
    %movi 8, 2, 5;
    %set/v v0xa78360_0, 8, 5;
    %jmp T_0.64;
T_0.6 ;
    %movi 8, 2, 5;
    %set/v v0xa78360_0, 8, 5;
    %jmp T_0.64;
T_0.7 ;
    %movi 8, 2, 5;
    %set/v v0xa78360_0, 8, 5;
    %jmp T_0.64;
T_0.8 ;
    %movi 8, 3, 5;
    %set/v v0xa78360_0, 8, 5;
    %jmp T_0.64;
T_0.9 ;
    %movi 8, 3, 5;
    %set/v v0xa78360_0, 8, 5;
    %jmp T_0.64;
T_0.10 ;
    %movi 8, 4, 5;
    %set/v v0xa78360_0, 8, 5;
    %jmp T_0.64;
T_0.11 ;
    %movi 8, 4, 5;
    %set/v v0xa78360_0, 8, 5;
    %jmp T_0.64;
T_0.12 ;
    %movi 8, 5, 5;
    %set/v v0xa78360_0, 8, 5;
    %jmp T_0.64;
T_0.13 ;
    %movi 8, 5, 5;
    %set/v v0xa78360_0, 8, 5;
    %jmp T_0.64;
T_0.14 ;
    %movi 8, 4, 5;
    %set/v v0xa78360_0, 8, 5;
    %jmp T_0.64;
T_0.15 ;
    %movi 8, 6, 5;
    %set/v v0xa78360_0, 8, 5;
    %jmp T_0.64;
T_0.16 ;
    %movi 8, 1, 5;
    %set/v v0xa78360_0, 8, 5;
    %jmp T_0.64;
T_0.17 ;
    %movi 8, 1, 5;
    %set/v v0xa78360_0, 8, 5;
    %jmp T_0.64;
T_0.18 ;
    %movi 8, 1, 5;
    %set/v v0xa78360_0, 8, 5;
    %jmp T_0.64;
T_0.19 ;
    %movi 8, 1, 5;
    %set/v v0xa78360_0, 8, 5;
    %jmp T_0.64;
T_0.20 ;
    %movi 8, 7, 5;
    %set/v v0xa78360_0, 8, 5;
    %jmp T_0.64;
T_0.21 ;
    %movi 8, 7, 5;
    %set/v v0xa78360_0, 8, 5;
    %jmp T_0.64;
T_0.22 ;
    %movi 8, 7, 5;
    %set/v v0xa78360_0, 8, 5;
    %jmp T_0.64;
T_0.23 ;
    %movi 8, 7, 5;
    %set/v v0xa78360_0, 8, 5;
    %jmp T_0.64;
T_0.24 ;
    %movi 8, 8, 5;
    %set/v v0xa78360_0, 8, 5;
    %jmp T_0.64;
T_0.25 ;
    %movi 8, 8, 5;
    %set/v v0xa78360_0, 8, 5;
    %jmp T_0.64;
T_0.26 ;
    %movi 8, 9, 5;
    %set/v v0xa78360_0, 8, 5;
    %jmp T_0.64;
T_0.27 ;
    %movi 8, 9, 5;
    %set/v v0xa78360_0, 8, 5;
    %jmp T_0.64;
T_0.28 ;
    %movi 8, 10, 5;
    %set/v v0xa78360_0, 8, 5;
    %jmp T_0.64;
T_0.29 ;
    %movi 8, 10, 5;
    %set/v v0xa78360_0, 8, 5;
    %jmp T_0.64;
T_0.30 ;
    %movi 8, 10, 5;
    %set/v v0xa78360_0, 8, 5;
    %jmp T_0.64;
T_0.31 ;
    %movi 8, 10, 5;
    %set/v v0xa78360_0, 8, 5;
    %jmp T_0.64;
T_0.32 ;
    %movi 8, 11, 5;
    %set/v v0xa78360_0, 8, 5;
    %jmp T_0.64;
T_0.33 ;
    %movi 8, 11, 5;
    %set/v v0xa78360_0, 8, 5;
    %jmp T_0.64;
T_0.34 ;
    %movi 8, 11, 5;
    %set/v v0xa78360_0, 8, 5;
    %jmp T_0.64;
T_0.35 ;
    %movi 8, 12, 5;
    %set/v v0xa78360_0, 8, 5;
    %jmp T_0.64;
T_0.36 ;
    %movi 8, 13, 5;
    %set/v v0xa78360_0, 8, 5;
    %jmp T_0.64;
T_0.37 ;
    %movi 8, 13, 5;
    %set/v v0xa78360_0, 8, 5;
    %jmp T_0.64;
T_0.38 ;
    %movi 8, 13, 5;
    %set/v v0xa78360_0, 8, 5;
    %jmp T_0.64;
T_0.39 ;
    %movi 8, 13, 5;
    %set/v v0xa78360_0, 8, 5;
    %jmp T_0.64;
T_0.40 ;
    %movi 8, 14, 5;
    %set/v v0xa78360_0, 8, 5;
    %jmp T_0.64;
T_0.41 ;
    %movi 8, 14, 5;
    %set/v v0xa78360_0, 8, 5;
    %jmp T_0.64;
T_0.42 ;
    %movi 8, 15, 5;
    %set/v v0xa78360_0, 8, 5;
    %jmp T_0.64;
T_0.43 ;
    %movi 8, 15, 5;
    %set/v v0xa78360_0, 8, 5;
    %jmp T_0.64;
T_0.44 ;
    %movi 8, 2, 5;
    %set/v v0xa78360_0, 8, 5;
    %jmp T_0.64;
T_0.45 ;
    %movi 8, 2, 5;
    %set/v v0xa78360_0, 8, 5;
    %jmp T_0.64;
T_0.46 ;
    %movi 8, 10, 5;
    %set/v v0xa78360_0, 8, 5;
    %jmp T_0.64;
T_0.47 ;
    %movi 8, 10, 5;
    %set/v v0xa78360_0, 8, 5;
    %jmp T_0.64;
T_0.48 ;
    %movi 8, 16, 5;
    %set/v v0xa78360_0, 8, 5;
    %jmp T_0.64;
T_0.49 ;
    %movi 8, 16, 5;
    %set/v v0xa78360_0, 8, 5;
    %jmp T_0.64;
T_0.50 ;
    %movi 8, 16, 5;
    %set/v v0xa78360_0, 8, 5;
    %jmp T_0.64;
T_0.51 ;
    %movi 8, 16, 5;
    %set/v v0xa78360_0, 8, 5;
    %jmp T_0.64;
T_0.52 ;
    %movi 8, 17, 5;
    %set/v v0xa78360_0, 8, 5;
    %jmp T_0.64;
T_0.53 ;
    %movi 8, 17, 5;
    %set/v v0xa78360_0, 8, 5;
    %jmp T_0.64;
T_0.54 ;
    %movi 8, 17, 5;
    %set/v v0xa78360_0, 8, 5;
    %jmp T_0.64;
T_0.55 ;
    %movi 8, 17, 5;
    %set/v v0xa78360_0, 8, 5;
    %jmp T_0.64;
T_0.56 ;
    %movi 8, 18, 5;
    %set/v v0xa78360_0, 8, 5;
    %jmp T_0.64;
T_0.57 ;
    %movi 8, 18, 5;
    %set/v v0xa78360_0, 8, 5;
    %jmp T_0.64;
T_0.58 ;
    %movi 8, 19, 5;
    %set/v v0xa78360_0, 8, 5;
    %jmp T_0.64;
T_0.59 ;
    %movi 8, 19, 5;
    %set/v v0xa78360_0, 8, 5;
    %jmp T_0.64;
T_0.60 ;
    %movi 8, 20, 5;
    %set/v v0xa78360_0, 8, 5;
    %jmp T_0.64;
T_0.61 ;
    %movi 8, 20, 5;
    %set/v v0xa78360_0, 8, 5;
    %jmp T_0.64;
T_0.62 ;
    %movi 8, 20, 5;
    %set/v v0xa78360_0, 8, 5;
    %jmp T_0.64;
T_0.63 ;
    %movi 8, 20, 5;
    %set/v v0xa78360_0, 8, 5;
    %jmp T_0.64;
T_0.64 ;
    %jmp T_0;
    .thread T_0, $push;
    .scope S_0xa1cae0;
T_1 ;
    %vpi_func 2 49 "$fopen", 8, 32, "dassign2.txt" {0 0};
    %set/v v0xa79980_0, 8, 32;
    %load/v 8, v0xa79980_0, 32;
    %nor/r 8, 8, 32;
    %jmp/0xz  T_1.0, 8;
    %vpi_call/w 2 51 "$display", "FAIL WRITE FILE" {0 0};
    %vpi_call/w 2 52 "$finish" {0 0};
T_1.0 ;
    %set/v v0xa797e0_0, 0, 32;
    %delay 5000, 0;
T_1.2 ;
    %load/v 8, v0xa797e0_0, 32;
    %cmpi/s 8, 32, 32;
    %jmp/0xz T_1.3, 5;
    %load/v 8, v0xa797e0_0, 5; Only need 5 of 32 bits
; Save base=8 wid=5 in lookaside.
    %set/v v0xa78f00_0, 8, 1;
    %set/v v0xa78e60_0, 9, 1;
    %set/v v0xa78c40_0, 10, 1;
    %set/v v0xa78b50_0, 11, 1;
    %set/v v0xa789c0_0, 12, 1;
    %delay 5000, 0;
    %vpi_call/w 2 59 "$display", v0xa789c0_0, v0xa78b50_0, v0xa78c40_0, v0xa78e60_0, v0xa78f00_0, "\011", v0xa79a40_0, "\011", v0xa798c0_0 {0 0};
    %ix/load 0, 1, 0;
    %load/vp0/s 8, v0xa797e0_0, 32;
    %set/v v0xa797e0_0, 8, 32;
    %jmp T_1.2;
T_1.3 ;
    %delay 5000, 0;
    %vpi_call/w 2 63 "$readmemh", "./hashtable.mem", v0xa78fa0 {0 0};
    %vpi_call/w 2 64 "$monitor", v0xa797e0_0, "\011", v0xa79040_0, v0xa790e0_0, v0xa791f0_0, v0xa79300_0, v0xa793c0_0, v0xa79570_0, "\011", v0xa785a0_0, "\011", v0xa786b0_0, "\011", v0xa787c0_0, "\011", v0xa788b0_0 {0 0};
    %delay 5000, 0;
    %set/v v0xa797e0_0, 0, 32;
T_1.4 ;
    %load/v 8, v0xa797e0_0, 32;
    %cmpi/s 8, 16, 32;
    %jmp/0xz T_1.5, 5;
    %ix/getv/s 3, v0xa797e0_0;
    %load/av 8, v0xa78fa0, 256;
    %set/v v0xa79700_0, 8, 32;
    %set/v v0xa79610_0, 40, 32;
    %set/v v0xa79570_0, 72, 32;
    %set/v v0xa793c0_0, 104, 32;
    %set/v v0xa79300_0, 136, 32;
    %set/v v0xa791f0_0, 168, 32;
    %set/v v0xa790e0_0, 200, 32;
    %set/v v0xa79040_0, 232, 32;
    %delay 5000, 0;
    %ix/load 0, 1, 0;
    %load/vp0/s 8, v0xa797e0_0, 32;
    %set/v v0xa797e0_0, 8, 32;
    %jmp T_1.4;
T_1.5 ;
    %delay 1000, 0;
    %vpi_call/w 2 73 "$monitor", v0xa78d30_0, "\011", v0xa78ab0_0 {0 0};
    %delay 5000, 0;
    %set/v v0xa797e0_0, 0, 32;
T_1.6 ;
    %load/v 8, v0xa797e0_0, 32;
    %cmpi/s 8, 64, 32;
    %jmp/0xz T_1.7, 5;
    %load/v 8, v0xa797e0_0, 6; Only need 6 of 32 bits
; Save base=8 wid=6 in lookaside.
    %set/v v0xa78d30_0, 8, 6;
    %delay 5000, 0;
    %ix/load 0, 1, 0;
    %load/vp0/s 8, v0xa797e0_0, 32;
    %set/v v0xa797e0_0, 8, 32;
    %jmp T_1.6;
T_1.7 ;
    %end;
    .thread T_1;
# The file index is used to find the file name in the following table.
:file_names 4;
    "N/A";
    "<interactive>";
    "./dassign1.tb.v";
    "./dassign1.v";
